This file contains any messages produced by compilers while
running configure, to aid debugging if configure makes a mistake.

It was created by Indri configure 5.0, which was
generated by GNU Autoconf 2.61.  Invocation command line was

  $ ./configure 

## --------- ##
## Platform. ##
## --------- ##

hostname = lixue-HP-Pavilion-m4-Notebook-PC
uname -m = x86_64
uname -r = 4.8.0-36-generic
uname -s = Linux
uname -v = #36~16.04.1-Ubuntu SMP Sun Feb 5 09:39:57 UTC 2017

/usr/bin/uname -p = unknown
/bin/uname -X     = unknown

/bin/arch              = unknown
/usr/bin/arch -k       = unknown
/usr/convex/getsysinfo = unknown
/usr/bin/hostinfo      = unknown
/bin/machine           = unknown
/usr/bin/oslevel       = unknown
/bin/universe          = unknown

PATH: /home/lixue/bin
PATH: /home/lixue/.local/bin
PATH: /usr/local/sbin
PATH: /usr/local/bin
PATH: /usr/sbin
PATH: /usr/bin
PATH: /sbin
PATH: /bin
PATH: /usr/games
PATH: /usr/local/games
PATH: /snap/bin


## ----------- ##
## Core tests. ##
## ----------- ##

configure:1801: checking build system type
configure:1819: result: x86_64-unknown-linux-gnu
configure:1841: checking host system type
configure:1856: result: x86_64-unknown-linux-gnu
configure:1927: checking for gcc
configure:1943: found /usr/bin/gcc
configure:1954: result: gcc
configure:2192: checking for C compiler version
configure:2199: gcc --version >&5
gcc (Ubuntu 5.4.0-6ubuntu1~16.04.4) 5.4.0 20160609
Copyright (C) 2015 Free Software Foundation, Inc.
This is free software; see the source for copying conditions.  There is NO
warranty; not even for MERCHANTABILITY or FITNESS FOR A PARTICULAR PURPOSE.

configure:2202: $? = 0
configure:2209: gcc -v >&5
Using built-in specs.
COLLECT_GCC=gcc
COLLECT_LTO_WRAPPER=/usr/lib/gcc/x86_64-linux-gnu/5/lto-wrapper
Target: x86_64-linux-gnu
Configured with: ../src/configure -v --with-pkgversion='Ubuntu 5.4.0-6ubuntu1~16.04.4' --with-bugurl=file:///usr/share/doc/gcc-5/README.Bugs --enable-languages=c,ada,c++,java,go,d,fortran,objc,obj-c++ --prefix=/usr --program-suffix=-5 --enable-shared --enable-linker-build-id --libexecdir=/usr/lib --without-included-gettext --enable-threads=posix --libdir=/usr/lib --enable-nls --with-sysroot=/ --enable-clocale=gnu --enable-libstdcxx-debug --enable-libstdcxx-time=yes --with-default-libstdcxx-abi=new --enable-gnu-unique-object --disable-vtable-verify --enable-libmpx --enable-plugin --with-system-zlib --disable-browser-plugin --enable-java-awt=gtk --enable-gtk-cairo --with-java-home=/usr/lib/jvm/java-1.5.0-gcj-5-amd64/jre --enable-java-home --with-jvm-root-dir=/usr/lib/jvm/java-1.5.0-gcj-5-amd64 --with-jvm-jar-dir=/usr/lib/jvm-exports/java-1.5.0-gcj-5-amd64 --with-arch-directory=amd64 --with-ecj-jar=/usr/share/java/eclipse-ecj.jar --enable-objc-gc --enable-multiarch --disable-werror --with-arch-32=i686 --with-abi=m64 --with-multilib-list=m32,m64,mx32 --enable-multilib --with-tune=generic --enable-checking=release --build=x86_64-linux-gnu --host=x86_64-linux-gnu --target=x86_64-linux-gnu
Thread model: posix
gcc version 5.4.0 20160609 (Ubuntu 5.4.0-6ubuntu1~16.04.4) 
configure:2212: $? = 0
configure:2219: gcc -V >&5
gcc: error: unrecognized command line option '-V'
gcc: fatal error: no input files
compilation terminated.
configure:2222: $? = 1
configure:2245: checking for C compiler default output file name
configure:2272: gcc -g -O3   conftest.c  >&5
configure:2275: $? = 0
configure:2313: result: a.out
configure:2330: checking whether the C compiler works
configure:2340: ./a.out
configure:2343: $? = 0
configure:2360: result: yes
configure:2367: checking whether we are cross compiling
configure:2369: result: no
configure:2372: checking for suffix of executables
configure:2379: gcc -o conftest -g -O3   conftest.c  >&5
configure:2382: $? = 0
configure:2406: result: 
configure:2412: checking for suffix of object files
configure:2438: gcc -c -g -O3  conftest.c >&5
configure:2441: $? = 0
configure:2464: result: o
configure:2468: checking whether we are using the GNU C compiler
configure:2497: gcc -c -g -O3  conftest.c >&5
configure:2503: $? = 0
configure:2520: result: yes
configure:2525: checking whether gcc accepts -g
configure:2555: gcc -c -g  conftest.c >&5
configure:2561: $? = 0
configure:2660: result: yes
configure:2677: checking for gcc option to accept ISO C89
configure:2751: gcc  -c -g -O3  conftest.c >&5
configure:2757: $? = 0
configure:2780: result: none needed
configure:2856: checking for g++
configure:2872: found /usr/bin/g++
configure:2883: result: g++
configure:2914: checking for C++ compiler version
configure:2921: g++ --version >&5
g++ (Ubuntu 5.4.0-6ubuntu1~16.04.4) 5.4.0 20160609
Copyright (C) 2015 Free Software Foundation, Inc.
This is free software; see the source for copying conditions.  There is NO
warranty; not even for MERCHANTABILITY or FITNESS FOR A PARTICULAR PURPOSE.

configure:2924: $? = 0
configure:2931: g++ -v >&5
Using built-in specs.
COLLECT_GCC=g++
COLLECT_LTO_WRAPPER=/usr/lib/gcc/x86_64-linux-gnu/5/lto-wrapper
Target: x86_64-linux-gnu
Configured with: ../src/configure -v --with-pkgversion='Ubuntu 5.4.0-6ubuntu1~16.04.4' --with-bugurl=file:///usr/share/doc/gcc-5/README.Bugs --enable-languages=c,ada,c++,java,go,d,fortran,objc,obj-c++ --prefix=/usr --program-suffix=-5 --enable-shared --enable-linker-build-id --libexecdir=/usr/lib --without-included-gettext --enable-threads=posix --libdir=/usr/lib --enable-nls --with-sysroot=/ --enable-clocale=gnu --enable-libstdcxx-debug --enable-libstdcxx-time=yes --with-default-libstdcxx-abi=new --enable-gnu-unique-object --disable-vtable-verify --enable-libmpx --enable-plugin --with-system-zlib --disable-browser-plugin --enable-java-awt=gtk --enable-gtk-cairo --with-java-home=/usr/lib/jvm/java-1.5.0-gcj-5-amd64/jre --enable-java-home --with-jvm-root-dir=/usr/lib/jvm/java-1.5.0-gcj-5-amd64 --with-jvm-jar-dir=/usr/lib/jvm-exports/java-1.5.0-gcj-5-amd64 --with-arch-directory=amd64 --with-ecj-jar=/usr/share/java/eclipse-ecj.jar --enable-objc-gc --enable-multiarch --disable-werror --with-arch-32=i686 --with-abi=m64 --with-multilib-list=m32,m64,mx32 --enable-multilib --with-tune=generic --enable-checking=release --build=x86_64-linux-gnu --host=x86_64-linux-gnu --target=x86_64-linux-gnu
Thread model: posix
gcc version 5.4.0 20160609 (Ubuntu 5.4.0-6ubuntu1~16.04.4) 
configure:2934: $? = 0
configure:2941: g++ -V >&5
g++: error: unrecognized command line option '-V'
g++: fatal error: no input files
compilation terminated.
configure:2944: $? = 1
configure:2947: checking whether we are using the GNU C++ compiler
configure:2976: g++ -c -g -O3  conftest.cpp >&5
configure:2982: $? = 0
configure:2999: result: yes
configure:3004: checking whether g++ accepts -g
configure:3034: g++ -c -g  conftest.cpp >&5
configure:3040: $? = 0
configure:3139: result: yes
configure:3167: checking for flex
configure:3197: result: no
configure:3167: checking for lex
configure:3197: result: no
configure:3380: checking for a BSD-compatible install
configure:3436: result: /usr/bin/install -c
configure:3451: checking for ar
configure:3469: found /usr/bin/ar
configure:3481: result: /usr/bin/ar
configure:3498: checking for a supported version of gcc
configure:3531: result: ok (5.4.0)
configure:3545: checking for log in -lm
configure:3580: gcc -o conftest -g -O3   conftest.c -lm   >&5
conftest.c:16:6: warning: conflicting types for built-in function 'log'
 char log ();
      ^
configure:3586: $? = 0
configure:3604: result: yes
configure:3616: checking for pthread_create in -lpthread
configure:3651: gcc -o conftest -g -O3   conftest.c -lpthread  -lm  >&5
configure:3657: $? = 0
configure:3675: result: yes
configure:3863: checking for deflate in -lz
configure:3898: gcc -o conftest -g -O3   conftest.c -lz  -lpthread -lm  >&5
configure:3904: $? = 0
configure:3922: result: yes
configure:3934: checking for mkstemps in -liberty
configure:3969: gcc -o conftest -g -O3   conftest.c -liberty  -lz -lpthread -lm  >&5
/usr/bin/ld: cannot find -liberty
collect2: error: ld returned 1 exit status
configure:3975: $? = 1
configure: failed program was:
| /* confdefs.h.  */
| #define PACKAGE_NAME "Indri"
| #define PACKAGE_TARNAME "indri"
| #define PACKAGE_VERSION "5.0"
| #define PACKAGE_STRING "Indri 5.0"
| #define PACKAGE_BUGREPORT "project@lemurproject.org"
| #define INDRI_STANDALONE 1
| #define HAVE_LIBM 1
| #define HAVE_LIBPTHREAD 1
| #define HAVE_LIBZ 1
| /* end confdefs.h.  */
| 
| /* Override any GCC internal prototype to avoid an error.
|    Use char because int might match the return type of a GCC
|    builtin and then its argument prototype would still apply.  */
| #ifdef __cplusplus
| extern "C"
| #endif
| char mkstemps ();
| int
| main ()
| {
| return mkstemps ();
|   ;
|   return 0;
| }
configure:3993: result: no
configure:4012: checking whether C++ namespaces are supported
configure:4041: g++ -c -g -O3  conftest.cpp >&5
configure:4047: $? = 0
configure:4067: result: yes
configure:4077: checking whether isnan is in namespace std
configure:4108: g++ -c -g -O3  conftest.cpp >&5
configure:4114: $? = 0
configure:4134: result: yes
configure:4144: checking whether isnan is in namespace __gnu_cxx
configure:4175: g++ -c -g -O3  conftest.cpp >&5
conftest.cpp: In function 'int lemur::isnan(float)':
conftest.cpp:15:50: error: 'isnan' is not a member of '__gnu_cxx'
     namespace lemur { int isnan(float x){ return __gnu_cxx::isnan(x); } };
                                                  ^
conftest.cpp:15:50: note: suggested alternatives:
In file included from /usr/include/features.h:367:0,
                 from /usr/include/x86_64-linux-gnu/c++/5/bits/os_defines.h:39,
                 from /usr/include/x86_64-linux-gnu/c++/5/bits/c++config.h:482,
                 from /usr/include/c++/5/cmath:41,
                 from conftest.cpp:14:
/usr/include/x86_64-linux-gnu/bits/mathcalls.h:241:1: note:   'isnan'
 __MATHDECL_1 (int,isnan,, (_Mdouble_ __value)) __attribute__ ((__const__));
 ^
In file included from conftest.cpp:14:0:
/usr/include/c++/5/cmath:862:5: note:   'std::isnan'
     isnan(_Tp __f)
     ^
conftest.cpp:15:27: note:   'lemur::isnan'
     namespace lemur { int isnan(float x){ return __gnu_cxx::isnan(x); } };
                           ^
configure:4181: $? = 1
configure: failed program was:
| /* confdefs.h.  */
| #define PACKAGE_NAME "Indri"
| #define PACKAGE_TARNAME "indri"
| #define PACKAGE_VERSION "5.0"
| #define PACKAGE_STRING "Indri 5.0"
| #define PACKAGE_BUGREPORT "project@lemurproject.org"
| #define INDRI_STANDALONE 1
| #define HAVE_LIBM 1
| #define HAVE_LIBPTHREAD 1
| #define HAVE_LIBZ 1
| #define HAVE_NAMESPACES
| #define ISNAN_IN_NAMESPACE_STD
| /* end confdefs.h.  */
| #include <cmath>
| 	   namespace lemur { int isnan(float x){ return __gnu_cxx::isnan(x); } };
| int
| main ()
| {
| 
| 	   using namespace lemur; float x = 1.0; lemur::isnan(x); return 0;
|   ;
|   return 0;
| }
configure:4201: result: no
configure:4215: checking how to run the C preprocessor
configure:4255: gcc -E  conftest.c
configure:4261: $? = 0
configure:4292: gcc -E  conftest.c
conftest.c:14:28: fatal error: ac_nonexistent.h: No such file or directory
compilation terminated.
configure:4298: $? = 1
configure: failed program was:
| /* confdefs.h.  */
| #define PACKAGE_NAME "Indri"
| #define PACKAGE_TARNAME "indri"
| #define PACKAGE_VERSION "5.0"
| #define PACKAGE_STRING "Indri 5.0"
| #define PACKAGE_BUGREPORT "project@lemurproject.org"
| #define INDRI_STANDALONE 1
| #define HAVE_LIBM 1
| #define HAVE_LIBPTHREAD 1
| #define HAVE_LIBZ 1
| #define HAVE_NAMESPACES
| #define ISNAN_IN_NAMESPACE_STD
| /* end confdefs.h.  */
| #include <ac_nonexistent.h>
configure:4331: result: gcc -E
configure:4360: gcc -E  conftest.c
configure:4366: $? = 0
configure:4397: gcc -E  conftest.c
conftest.c:14:28: fatal error: ac_nonexistent.h: No such file or directory
compilation terminated.
configure:4403: $? = 1
configure: failed program was:
| /* confdefs.h.  */
| #define PACKAGE_NAME "Indri"
| #define PACKAGE_TARNAME "indri"
| #define PACKAGE_VERSION "5.0"
| #define PACKAGE_STRING "Indri 5.0"
| #define PACKAGE_BUGREPORT "project@lemurproject.org"
| #define INDRI_STANDALONE 1
| #define HAVE_LIBM 1
| #define HAVE_LIBPTHREAD 1
| #define HAVE_LIBZ 1
| #define HAVE_NAMESPACES
| #define ISNAN_IN_NAMESPACE_STD
| /* end confdefs.h.  */
| #include <ac_nonexistent.h>
configure:4441: checking for grep that handles long lines and -e
configure:4515: result: /bin/grep
configure:4520: checking for egrep
configure:4598: result: /bin/grep -E
configure:4603: checking for ANSI C header files
configure:4633: gcc -c -g -O3  conftest.c >&5
configure:4639: $? = 0
configure:4738: gcc -o conftest -g -O3   conftest.c -lz -lpthread -lm  >&5
configure:4741: $? = 0
configure:4747: ./conftest
configure:4750: $? = 0
configure:4767: result: yes
configure:4791: checking for sys/types.h
configure:4812: gcc -c -g -O3  conftest.c >&5
configure:4818: $? = 0
configure:4834: result: yes
configure:4791: checking for sys/stat.h
configure:4812: gcc -c -g -O3  conftest.c >&5
configure:4818: $? = 0
configure:4834: result: yes
configure:4791: checking for stdlib.h
configure:4812: gcc -c -g -O3  conftest.c >&5
configure:4818: $? = 0
configure:4834: result: yes
configure:4791: checking for string.h
configure:4812: gcc -c -g -O3  conftest.c >&5
configure:4818: $? = 0
configure:4834: result: yes
configure:4791: checking for memory.h
configure:4812: gcc -c -g -O3  conftest.c >&5
configure:4818: $? = 0
configure:4834: result: yes
configure:4791: checking for strings.h
configure:4812: gcc -c -g -O3  conftest.c >&5
configure:4818: $? = 0
configure:4834: result: yes
configure:4791: checking for inttypes.h
configure:4812: gcc -c -g -O3  conftest.c >&5
configure:4818: $? = 0
configure:4834: result: yes
configure:4791: checking for stdint.h
configure:4812: gcc -c -g -O3  conftest.c >&5
configure:4818: $? = 0
configure:4834: result: yes
configure:4791: checking for unistd.h
configure:4812: gcc -c -g -O3  conftest.c >&5
configure:4818: $? = 0
configure:4834: result: yes
configure:4846: checking whether byte ordering is bigendian
configure:4879: gcc -c -g -O3  conftest.c >&5
configure:4885: $? = 0
configure:4917: gcc -c -g -O3  conftest.c >&5
conftest.c: In function 'main':
conftest.c:31:2: error: unknown type name 'not'
  not big endian
  ^
conftest.c:31:10: error: expected '=', ',', ';', 'asm' or '__attribute__' before 'endian'
  not big endian
          ^
configure:4923: $? = 1
configure: failed program was:
| /* confdefs.h.  */
| #define PACKAGE_NAME "Indri"
| #define PACKAGE_TARNAME "indri"
| #define PACKAGE_VERSION "5.0"
| #define PACKAGE_STRING "Indri 5.0"
| #define PACKAGE_BUGREPORT "project@lemurproject.org"
| #define INDRI_STANDALONE 1
| #define HAVE_LIBM 1
| #define HAVE_LIBPTHREAD 1
| #define HAVE_LIBZ 1
| #define HAVE_NAMESPACES
| #define ISNAN_IN_NAMESPACE_STD
| #define STDC_HEADERS 1
| #define HAVE_SYS_TYPES_H 1
| #define HAVE_SYS_STAT_H 1
| #define HAVE_STDLIB_H 1
| #define HAVE_STRING_H 1
| #define HAVE_MEMORY_H 1
| #define HAVE_STRINGS_H 1
| #define HAVE_INTTYPES_H 1
| #define HAVE_STDINT_H 1
| #define HAVE_UNISTD_H 1
| /* end confdefs.h.  */
| #include <sys/types.h>
| #include <sys/param.h>
| 
| int
| main ()
| {
| #if BYTE_ORDER != BIG_ENDIAN
|  not big endian
| #endif
| 
|   ;
|   return 0;
| }
configure:5063: result: no
configure:5089: checking for special C compiler options needed for large files
configure:5182: result: no
configure:5188: checking for _FILE_OFFSET_BITS value needed for large files
configure:5223: gcc -c -g -O3  conftest.c >&5
configure:5229: $? = 0
configure:5297: result: no
configure:5432: checking for _LARGEFILE_SOURCE value needed for large files
configure:5459: gcc -o conftest -g -O3   conftest.c -lz -lpthread -lm  >&5
configure:5465: $? = 0
configure:5529: result: no
configure:5567: checking how to run the C++ preprocessor
configure:5603: g++ -E  conftest.cpp
configure:5609: $? = 0
configure:5640: g++ -E  conftest.cpp
conftest.cpp:25:28: fatal error: ac_nonexistent.h: No such file or directory
compilation terminated.
configure:5646: $? = 1
configure: failed program was:
| /* confdefs.h.  */
| #define PACKAGE_NAME "Indri"
| #define PACKAGE_TARNAME "indri"
| #define PACKAGE_VERSION "5.0"
| #define PACKAGE_STRING "Indri 5.0"
| #define PACKAGE_BUGREPORT "project@lemurproject.org"
| #define INDRI_STANDALONE 1
| #define HAVE_LIBM 1
| #define HAVE_LIBPTHREAD 1
| #define HAVE_LIBZ 1
| #define HAVE_NAMESPACES
| #define ISNAN_IN_NAMESPACE_STD
| #define STDC_HEADERS 1
| #define HAVE_SYS_TYPES_H 1
| #define HAVE_SYS_STAT_H 1
| #define HAVE_STDLIB_H 1
| #define HAVE_STRING_H 1
| #define HAVE_MEMORY_H 1
| #define HAVE_STRINGS_H 1
| #define HAVE_INTTYPES_H 1
| #define HAVE_STDINT_H 1
| #define HAVE_UNISTD_H 1
| #define HAVE_FSEEKO 1
| /* end confdefs.h.  */
| #include <ac_nonexistent.h>
configure:5679: result: g++ -E
configure:5708: g++ -E  conftest.cpp
configure:5714: $? = 0
configure:5745: g++ -E  conftest.cpp
conftest.cpp:25:28: fatal error: ac_nonexistent.h: No such file or directory
compilation terminated.
configure:5751: $? = 1
configure: failed program was:
| /* confdefs.h.  */
| #define PACKAGE_NAME "Indri"
| #define PACKAGE_TARNAME "indri"
| #define PACKAGE_VERSION "5.0"
| #define PACKAGE_STRING "Indri 5.0"
| #define PACKAGE_BUGREPORT "project@lemurproject.org"
| #define INDRI_STANDALONE 1
| #define HAVE_LIBM 1
| #define HAVE_LIBPTHREAD 1
| #define HAVE_LIBZ 1
| #define HAVE_NAMESPACES
| #define ISNAN_IN_NAMESPACE_STD
| #define STDC_HEADERS 1
| #define HAVE_SYS_TYPES_H 1
| #define HAVE_SYS_STAT_H 1
| #define HAVE_STDLIB_H 1
| #define HAVE_STRING_H 1
| #define HAVE_MEMORY_H 1
| #define HAVE_STRINGS_H 1
| #define HAVE_INTTYPES_H 1
| #define HAVE_STDINT_H 1
| #define HAVE_UNISTD_H 1
| #define HAVE_FSEEKO 1
| /* end confdefs.h.  */
| #include <ac_nonexistent.h>
configure:5804: checking bits/atomicity.h usability
configure:5821: g++ -c -g -O3  conftest.cpp >&5
conftest.cpp:58:28: fatal error: bits/atomicity.h: No such file or directory
compilation terminated.
configure:5827: $? = 1
configure: failed program was:
| /* confdefs.h.  */
| #define PACKAGE_NAME "Indri"
| #define PACKAGE_TARNAME "indri"
| #define PACKAGE_VERSION "5.0"
| #define PACKAGE_STRING "Indri 5.0"
| #define PACKAGE_BUGREPORT "project@lemurproject.org"
| #define INDRI_STANDALONE 1
| #define HAVE_LIBM 1
| #define HAVE_LIBPTHREAD 1
| #define HAVE_LIBZ 1
| #define HAVE_NAMESPACES
| #define ISNAN_IN_NAMESPACE_STD
| #define STDC_HEADERS 1
| #define HAVE_SYS_TYPES_H 1
| #define HAVE_SYS_STAT_H 1
| #define HAVE_STDLIB_H 1
| #define HAVE_STRING_H 1
| #define HAVE_MEMORY_H 1
| #define HAVE_STRINGS_H 1
| #define HAVE_INTTYPES_H 1
| #define HAVE_STDINT_H 1
| #define HAVE_UNISTD_H 1
| #define HAVE_FSEEKO 1
| /* end confdefs.h.  */
| #include <stdio.h>
| #ifdef HAVE_SYS_TYPES_H
| # include <sys/types.h>
| #endif
| #ifdef HAVE_SYS_STAT_H
| # include <sys/stat.h>
| #endif
| #ifdef STDC_HEADERS
| # include <stdlib.h>
| # include <stddef.h>
| #else
| # ifdef HAVE_STDLIB_H
| #  include <stdlib.h>
| # endif
| #endif
| #ifdef HAVE_STRING_H
| # if !defined STDC_HEADERS && defined HAVE_MEMORY_H
| #  include <memory.h>
| # endif
| # include <string.h>
| #endif
| #ifdef HAVE_STRINGS_H
| # include <strings.h>
| #endif
| #ifdef HAVE_INTTYPES_H
| # include <inttypes.h>
| #endif
| #ifdef HAVE_STDINT_H
| # include <stdint.h>
| #endif
| #ifdef HAVE_UNISTD_H
| # include <unistd.h>
| #endif
| #include <bits/atomicity.h>
configure:5841: result: no
configure:5845: checking bits/atomicity.h presence
configure:5860: g++ -E  conftest.cpp
conftest.cpp:25:28: fatal error: bits/atomicity.h: No such file or directory
compilation terminated.
configure:5866: $? = 1
configure: failed program was:
| /* confdefs.h.  */
| #define PACKAGE_NAME "Indri"
| #define PACKAGE_TARNAME "indri"
| #define PACKAGE_VERSION "5.0"
| #define PACKAGE_STRING "Indri 5.0"
| #define PACKAGE_BUGREPORT "project@lemurproject.org"
| #define INDRI_STANDALONE 1
| #define HAVE_LIBM 1
| #define HAVE_LIBPTHREAD 1
| #define HAVE_LIBZ 1
| #define HAVE_NAMESPACES
| #define ISNAN_IN_NAMESPACE_STD
| #define STDC_HEADERS 1
| #define HAVE_SYS_TYPES_H 1
| #define HAVE_SYS_STAT_H 1
| #define HAVE_STDLIB_H 1
| #define HAVE_STRING_H 1
| #define HAVE_MEMORY_H 1
| #define HAVE_STRINGS_H 1
| #define HAVE_INTTYPES_H 1
| #define HAVE_STDINT_H 1
| #define HAVE_UNISTD_H 1
| #define HAVE_FSEEKO 1
| /* end confdefs.h.  */
| #include <bits/atomicity.h>
configure:5880: result: no
configure:5913: checking for bits/atomicity.h
configure:5921: result: no
configure:5949: checking ext/atomicity.h usability
configure:5966: g++ -c -g -O3  conftest.cpp >&5
configure:5972: $? = 0
configure:5986: result: yes
configure:5990: checking ext/atomicity.h presence
configure:6005: g++ -E  conftest.cpp
configure:6011: $? = 0
configure:6025: result: yes
configure:6058: checking for ext/atomicity.h
configure:6066: result: yes
configure:6179: checking for mkstemp
configure:6235: gcc -o conftest -g -O3   conftest.c -lz -lpthread -lm  >&5
configure:6241: $? = 0
configure:6259: result: yes
configure:6273: checking for mkstemps
configure:6329: gcc -o conftest -g -O3   conftest.c -lz -lpthread -lm  >&5
configure:6335: $? = 0
configure:6353: result: yes
configure:6955: creating ./config.status

## ---------------------- ##
## Running config.status. ##
## ---------------------- ##

This file was extended by Indri config.status 5.0, which was
generated by GNU Autoconf 2.61.  Invocation command line was

  CONFIG_FILES    = 
  CONFIG_HEADERS  = 
  CONFIG_LINKS    = 
  CONFIG_COMMANDS = 
  $ ./config.status 

on lixue-HP-Pavilion-m4-Notebook-PC

config.status:623: creating MakeDefns
config.status:758: WARNING:  MakeDefns.in seems to ignore the --datarootdir setting
config.status:623: creating Makefile.app
config.status:623: creating site-search/build.param
config.status:623: creating site-search/crawl-index
config.status:623: creating site-search/seeds.txt
config.status:623: creating site-search/excluded_hosts

## ---------------- ##
## Cache variables. ##
## ---------------- ##

ac_cv_build=x86_64-unknown-linux-gnu
ac_cv_c_bigendian=no
ac_cv_c_compiler_gnu=yes
ac_cv_cxx_compiler_gnu=yes
ac_cv_cxx_isnan_gnu_cxx=no
ac_cv_cxx_isnan_std=yes
ac_cv_cxx_namespaces=yes
ac_cv_env_CCC_set=
ac_cv_env_CCC_value=
ac_cv_env_CC_set=
ac_cv_env_CC_value=
ac_cv_env_CFLAGS_set=
ac_cv_env_CFLAGS_value=
ac_cv_env_CPPFLAGS_set=
ac_cv_env_CPPFLAGS_value=
ac_cv_env_CPP_set=
ac_cv_env_CPP_value=
ac_cv_env_CXXCPP_set=
ac_cv_env_CXXCPP_value=
ac_cv_env_CXXFLAGS_set=
ac_cv_env_CXXFLAGS_value=
ac_cv_env_CXX_set=
ac_cv_env_CXX_value=
ac_cv_env_LDFLAGS_set=
ac_cv_env_LDFLAGS_value=
ac_cv_env_LIBS_set=
ac_cv_env_LIBS_value=
ac_cv_env_build_alias_set=
ac_cv_env_build_alias_value=
ac_cv_env_host_alias_set=
ac_cv_env_host_alias_value=
ac_cv_env_target_alias_set=
ac_cv_env_target_alias_value=
ac_cv_func_mkstemp=yes
ac_cv_func_mkstemps=yes
ac_cv_header_bits_atomicity_h=no
ac_cv_header_ext_atomicity_h=yes
ac_cv_header_inttypes_h=yes
ac_cv_header_memory_h=yes
ac_cv_header_stdc=yes
ac_cv_header_stdint_h=yes
ac_cv_header_stdlib_h=yes
ac_cv_header_string_h=yes
ac_cv_header_strings_h=yes
ac_cv_header_sys_stat_h=yes
ac_cv_header_sys_types_h=yes
ac_cv_header_unistd_h=yes
ac_cv_host=x86_64-unknown-linux-gnu
ac_cv_lib_iberty_mkstemps=no
ac_cv_lib_m_log=yes
ac_cv_lib_pthread_pthread_create=yes
ac_cv_lib_z_deflate=yes
ac_cv_objext=o
ac_cv_path_AR=/usr/bin/ar
ac_cv_path_EGREP='/bin/grep -E'
ac_cv_path_GREP=/bin/grep
ac_cv_path_install='/usr/bin/install -c'
ac_cv_prog_CPP='gcc -E'
ac_cv_prog_CXXCPP='g++ -E'
ac_cv_prog_ac_ct_CC=gcc
ac_cv_prog_ac_ct_CXX=g++
ac_cv_prog_cc_c89=
ac_cv_prog_cc_g=yes
ac_cv_prog_cxx_g=yes
ac_cv_sys_file_offset_bits=no
ac_cv_sys_largefile_CC=no
ac_cv_sys_largefile_source=no

## ----------------- ##
## Output variables. ##
## ----------------- ##

AR='/usr/bin/ar'
CC='gcc'
CFLAGS='-g -O3'
CPP='gcc -E'
CPPFLAGS=''
CSHARP_SHARED='-shared'
CSHARP_SO='.so'
CXX='g++'
CXXCPP='g++ -E'
CXXFLAGS='-g -O3'
DEFS='-DPACKAGE_NAME=\"Indri\" -DPACKAGE_TARNAME=\"indri\" -DPACKAGE_VERSION=\"5.0\" -DPACKAGE_STRING=\"Indri\ 5.0\" -DPACKAGE_BUGREPORT=\"project@lemurproject.org\" -DINDRI_STANDALONE=1 -DHAVE_LIBM=1 -DHAVE_LIBPTHREAD=1 -DHAVE_LIBZ=1 -DHAVE_NAMESPACES= -DISNAN_IN_NAMESPACE_STD= -DSTDC_HEADERS=1 -DHAVE_SYS_TYPES_H=1 -DHAVE_SYS_STAT_H=1 -DHAVE_STDLIB_H=1 -DHAVE_STRING_H=1 -DHAVE_MEMORY_H=1 -DHAVE_STRINGS_H=1 -DHAVE_INTTYPES_H=1 -DHAVE_STDINT_H=1 -DHAVE_UNISTD_H=1 -DHAVE_FSEEKO=1 -DHAVE_EXT_ATOMICITY_H=1 -DP_NEEDS_GNU_CXX_NAMESPACE=1 -DHAVE_MKSTEMP=1 -DHAVE_MKSTEMPS=1 -DNDEBUG=1'
ECHO_C=''
ECHO_N='-n'
ECHO_T=''
EGREP='/bin/grep -E'
EXEEXT=''
GCC_33='0'
GREP='/bin/grep'
INDRI_STANDALONE='1'
INSTALL_DATA='${INSTALL} -m 644'
INSTALL_PROGRAM='${INSTALL}'
INSTALL_SCRIPT='${INSTALL}'
JAR=''
JAVAC=''
JAVADOC=''
JAVAHOME=''
JAVAINC=''
JAVA_SHARED='-shared'
JAVA_SO='.so'
LDFLAGS=''
LEX=':'
LEXLIB=''
LEX_OUTPUT_ROOT=''
LIBOBJS=''
LIBS='-lz -lpthread -lm '
LTLIBOBJS=''
MCS=''
NEED_ANTLR='1'
OBJEXT='o'
PACKAGE_BUGREPORT='project@lemurproject.org'
PACKAGE_NAME='Indri'
PACKAGE_STRING='Indri 5.0'
PACKAGE_TARNAME='indri'
PACKAGE_VERSION='5.0'
PATH_SEPARATOR=':'
PHPCONFIG=''
PHPINCLUDE=''
PHP_SHARED='-shared'
PHP_SO='.so'
SHARED='-shared -fPIC'
SHELL='/bin/bash'
SITESEED='unknownhost'
SWIG=''
WITH_CSHARP='0'
WITH_JAVA='0'
WITH_PHP='0'
WITH_SWIG='0'
ac_ct_CC='gcc'
ac_ct_CXX='g++'
bindir='${exec_prefix}/bin'
build='x86_64-unknown-linux-gnu'
build_alias=''
build_cpu='x86_64'
build_os='linux-gnu'
build_vendor='unknown'
datadir='${datarootdir}'
datarootdir='${prefix}/share'
docdir='${datarootdir}/doc/${PACKAGE_TARNAME}'
dvidir='${docdir}'
exec_prefix='${prefix}'
host='x86_64-unknown-linux-gnu'
host_alias=''
host_cpu='x86_64'
host_os='linux-gnu'
host_vendor='unknown'
htmldir='${docdir}'
includedir='${prefix}/include'
infodir='${datarootdir}/info'
libdir='${exec_prefix}/lib'
libexecdir='${exec_prefix}/libexec'
localedir='${datarootdir}/locale'
localstatedir='${prefix}/var'
mandir='${datarootdir}/man'
oldincludedir='/usr/include'
pdfdir='${docdir}'
prefix='/usr/local'
program_transform_name='s,x,x,'
psdir='${docdir}'
sbindir='${exec_prefix}/sbin'
sharedstatedir='${prefix}/com'
sysconfdir='${prefix}/etc'
target_alias=''

## ----------- ##
## confdefs.h. ##
## ----------- ##

#define PACKAGE_NAME "Indri"
#define PACKAGE_TARNAME "indri"
#define PACKAGE_VERSION "5.0"
#define PACKAGE_STRING "Indri 5.0"
#define PACKAGE_BUGREPORT "project@lemurproject.org"
#define INDRI_STANDALONE 1
#define HAVE_LIBM 1
#define HAVE_LIBPTHREAD 1
#define HAVE_LIBZ 1
#define HAVE_NAMESPACES
#define ISNAN_IN_NAMESPACE_STD
#define STDC_HEADERS 1
#define HAVE_SYS_TYPES_H 1
#define HAVE_SYS_STAT_H 1
#define HAVE_STDLIB_H 1
#define HAVE_STRING_H 1
#define HAVE_MEMORY_H 1
#define HAVE_STRINGS_H 1
#define HAVE_INTTYPES_H 1
#define HAVE_STDINT_H 1
#define HAVE_UNISTD_H 1
#define HAVE_FSEEKO 1
#define HAVE_EXT_ATOMICITY_H 1
#define P_NEEDS_GNU_CXX_NAMESPACE 1
#define HAVE_MKSTEMP 1
#define HAVE_MKSTEMPS 1
#define NDEBUG 1

configure: exit 0
